<?xml version="1.0" encoding="UTF-8"?>
<!-- Generated by org.testng.reporters.JUnitReportReporter -->
<testsuite hostname="DEVANSH-A" failures="0" tests="5" name="testRunner.TestRunnerScriptTesting" time="574.976" errors="0" timestamp="2025-11-11T18:28:09 IST" skipped="0">
  <testcase classname="testRunner.TestRunnerScriptTesting" name="runScenario" time="125.459"/>
  <testcase classname="testRunner.TestRunnerScriptTesting" name="runScenario" time="114.227"/>
  <testcase classname="testRunner.TestRunnerScriptTesting" name="runScenario" time="121.263"/>
  <testcase classname="testRunner.TestRunnerScriptTesting" name="runScenario" time="106.374"/>
  <testcase classname="testRunner.TestRunnerScriptTesting" name="runScenario" time="107.653"/>
</testsuite> <!-- testRunner.TestRunnerScriptTesting -->
