<?xml version="1.0" encoding="UTF-8"?>
<!-- Generated by org.testng.reporters.JUnitReportReporter -->
<testsuite hostname="DEVANSH-A" failures="0" tests="35" name="testRunner.TestRunner" time="0.344" errors="0" timestamp="2026-01-12T17:35:36 IST" skipped="0">
  <testcase classname="testRunner.TestRunner" name="runScenario" time="0.003"/>
  <testcase classname="testRunner.TestRunner" name="runScenario" time="0.005"/>
  <testcase classname="testRunner.TestRunner" name="runScenario" time="0.013"/>
  <testcase classname="testRunner.TestRunner" name="runScenario" time="0.025"/>
  <testcase classname="testRunner.TestRunner" name="runScenario" time="0.004"/>
  <testcase classname="testRunner.TestRunner" name="runScenario" time="0.002"/>
  <testcase classname="testRunner.TestRunner" name="runScenario" time="0.007"/>
  <testcase classname="testRunner.TestRunner" name="runScenario" time="0.002"/>
  <testcase classname="testRunner.TestRunner" name="runScenario" time="0.007"/>
  <testcase classname="testRunner.TestRunner" name="runScenario" time="0.005"/>
  <testcase classname="testRunner.TestRunner" name="runScenario" time="0.004"/>
  <testcase classname="testRunner.TestRunner" name="runScenario" time="0.004"/>
  <testcase classname="testRunner.TestRunner" name="runScenario" time="0.006"/>
  <testcase classname="testRunner.TestRunner" name="runScenario" time="0.002"/>
  <testcase classname="testRunner.TestRunner" name="runScenario" time="0.005"/>
  <testcase classname="testRunner.TestRunner" name="runScenario" time="0.011"/>
  <testcase classname="testRunner.TestRunner" name="runScenario" time="0.002"/>
  <testcase classname="testRunner.TestRunner" name="runScenario" time="0.162"/>
  <testcase classname="testRunner.TestRunner" name="runScenario" time="0.002"/>
  <testcase classname="testRunner.TestRunner" name="runScenario" time="0.005"/>
  <testcase classname="testRunner.TestRunner" name="runScenario" time="0.005"/>
  <testcase classname="testRunner.TestRunner" name="runScenario" time="0.005"/>
  <testcase classname="testRunner.TestRunner" name="runScenario" time="0.005"/>
  <testcase classname="testRunner.TestRunner" name="runScenario" time="0.008"/>
  <testcase classname="testRunner.TestRunner" name="runScenario" time="0.003"/>
  <testcase classname="testRunner.TestRunner" name="runScenario" time="0.005"/>
  <testcase classname="testRunner.TestRunner" name="runScenario" time="0.005"/>
  <testcase classname="testRunner.TestRunner" name="runScenario" time="0.002"/>
  <testcase classname="testRunner.TestRunner" name="runScenario" time="0.001"/>
  <testcase classname="testRunner.TestRunner" name="runScenario" time="0.005"/>
  <testcase classname="testRunner.TestRunner" name="runScenario" time="0.008"/>
  <testcase classname="testRunner.TestRunner" name="runScenario" time="0.004"/>
  <testcase classname="testRunner.TestRunner" name="runScenario" time="0.004"/>
  <testcase classname="testRunner.TestRunner" name="runScenario" time="0.003"/>
  <testcase classname="testRunner.TestRunner" name="runScenario" time="0.005"/>
</testsuite> <!-- testRunner.TestRunner -->
