<?xml version="1.0" encoding="UTF-8"?>
<!-- Generated by org.testng.reporters.JUnitReportReporter -->
<testsuite hostname="DEVANSH-A" failures="0" tests="35" name="testRunner.PerGameCucumberRunner" time="3.149" errors="0" timestamp="2025-11-12T11:25:44 IST" skipped="0">
  <testcase classname="testRunner.PerGameCucumberRunner" name="runScenario" time="0.056"/>
  <testcase classname="testRunner.PerGameCucumberRunner" name="runScenario" time="0.049"/>
  <testcase classname="testRunner.PerGameCucumberRunner" name="runScenario" time="0.040"/>
  <testcase classname="testRunner.PerGameCucumberRunner" name="runScenario" time="0.047"/>
  <testcase classname="testRunner.PerGameCucumberRunner" name="runScenario" time="0.236"/>
  <testcase classname="testRunner.PerGameCucumberRunner" name="runScenario" time="0.048"/>
  <testcase classname="testRunner.PerGameCucumberRunner" name="runScenario" time="0.223"/>
  <testcase classname="testRunner.PerGameCucumberRunner" name="runScenario" time="0.241"/>
  <testcase classname="testRunner.PerGameCucumberRunner" name="runScenario" time="0.054"/>
  <testcase classname="testRunner.PerGameCucumberRunner" name="runScenario" time="0.043"/>
  <testcase classname="testRunner.PerGameCucumberRunner" name="runScenario" time="0.054"/>
  <testcase classname="testRunner.PerGameCucumberRunner" name="runScenario" time="0.044"/>
  <testcase classname="testRunner.PerGameCucumberRunner" name="runScenario" time="0.083"/>
  <testcase classname="testRunner.PerGameCucumberRunner" name="runScenario" time="0.051"/>
  <testcase classname="testRunner.PerGameCucumberRunner" name="runScenario" time="0.036"/>
  <testcase classname="testRunner.PerGameCucumberRunner" name="runScenario" time="0.059"/>
  <testcase classname="testRunner.PerGameCucumberRunner" name="runScenario" time="0.059"/>
  <testcase classname="testRunner.PerGameCucumberRunner" name="runScenario" time="0.227"/>
  <testcase classname="testRunner.PerGameCucumberRunner" name="runScenario" time="0.046"/>
  <testcase classname="testRunner.PerGameCucumberRunner" name="runScenario" time="0.073"/>
  <testcase classname="testRunner.PerGameCucumberRunner" name="runScenario" time="0.072"/>
  <testcase classname="testRunner.PerGameCucumberRunner" name="runScenario" time="0.072"/>
  <testcase classname="testRunner.PerGameCucumberRunner" name="runScenario" time="0.049"/>
  <testcase classname="testRunner.PerGameCucumberRunner" name="runScenario" time="0.053"/>
  <testcase classname="testRunner.PerGameCucumberRunner" name="runScenario" time="0.049"/>
  <testcase classname="testRunner.PerGameCucumberRunner" name="runScenario" time="0.044"/>
  <testcase classname="testRunner.PerGameCucumberRunner" name="runScenario" time="0.231"/>
  <testcase classname="testRunner.PerGameCucumberRunner" name="runScenario" time="0.222"/>
  <testcase classname="testRunner.PerGameCucumberRunner" name="runScenario" time="0.059"/>
  <testcase classname="testRunner.PerGameCucumberRunner" name="runScenario" time="0.046"/>
  <testcase classname="testRunner.PerGameCucumberRunner" name="runScenario" time="0.072"/>
  <testcase classname="testRunner.PerGameCucumberRunner" name="runScenario" time="0.063"/>
  <testcase classname="testRunner.PerGameCucumberRunner" name="runScenario" time="0.048"/>
  <testcase classname="testRunner.PerGameCucumberRunner" name="runScenario" time="0.228"/>
  <testcase classname="testRunner.PerGameCucumberRunner" name="runScenario" time="0.072"/>
</testsuite> <!-- testRunner.PerGameCucumberRunner -->
