<?xml version="1.0" encoding="UTF-8"?>
<!-- Generated by org.testng.reporters.JUnitReportReporter -->
<testsuite hostname="DEVANSH-A" failures="0" tests="9" name="testRunner.TestRunnerForFailedScenarios" time="804.227" errors="8" timestamp="2025-12-18T12:19:44 IST" skipped="0">
  <testcase classname="testRunner.TestRunnerForFailedScenarios" name="runScenario" time="29.882">
    <error message="TODO: implement me" type="io.cucumber.java.PendingException">
      <![CDATA[io.cucumber.java.PendingException: TODO: implement me
at stepDefinitions.TC_LanguageDropdown.user_selects_spanish(TC_LanguageDropdown.java:61)
at ✽.user selects Spanish(file:///C:/Users/1767/eclipse-workspace/slotsAutomationPoC/src/test/java/features/LanguageDropdown.feature:29)
]]>
    </error>
  </testcase> <!-- runScenario -->
  <testcase classname="testRunner.TestRunnerForFailedScenarios" name="runScenario" time="46.232">
    <error message="Cannot invoke &quot;pageObjects.SuribetHome.getText_logOff_btn()&quot; because &quot;this.sh&quot; is null" type="java.lang.NullPointerException">
      <![CDATA[java.lang.NullPointerException: Cannot invoke "pageObjects.SuribetHome.getText_logOff_btn()" because "this.sh" is null
at stepDefinitions.SM_002_ButtonFunctionality.home_page_should_appear_on_screen(SM_002_ButtonFunctionality.java:405)
at ✽.Home page should appear on screen(file:///C:/Users/1767/eclipse-workspace/slotsAutomationPoC/src/test/java/features/ShortcutKeys.feature:32)
]]>
    </error>
  </testcase> <!-- runScenario -->
  <testcase classname="testRunner.TestRunnerForFailedScenarios" name="runScenario" time="29.840">
    <error message="TODO: implement me" type="io.cucumber.java.PendingException">
      <![CDATA[io.cucumber.java.PendingException: TODO: implement me
at stepDefinitions.TC_LanguageDropdown.user_selects_english(TC_LanguageDropdown.java:72)
at ✽.user selects English(file:///C:/Users/1767/eclipse-workspace/slotsAutomationPoC/src/test/java/features/LanguageDropdown.feature:13)
]]>
    </error>
  </testcase> <!-- runScenario -->
  <testcase classname="testRunner.TestRunnerForFailedScenarios" name="runScenario" time="30.030">
    <error message="TODO: implement me" type="io.cucumber.java.PendingException">
      <![CDATA[io.cucumber.java.PendingException: TODO: implement me
at stepDefinitions.TC_LanguageDropdown.user_navigates_to_language_dropdown(TC_LanguageDropdown.java:39)
at ✽.user navigates to Language dropdown(file:///C:/Users/1767/eclipse-workspace/slotsAutomationPoC/src/test/java/features/LanguageDropdown.feature:9)
]]>
    </error>
  </testcase> <!-- runScenario -->
  <testcase classname="testRunner.TestRunnerForFailedScenarios" name="runScenario" time="29.971">
    <error message="TODO: implement me" type="io.cucumber.java.PendingException">
      <![CDATA[io.cucumber.java.PendingException: TODO: implement me
at stepDefinitions.TC_LanguageDropdown.user_selects_bulgarian(TC_LanguageDropdown.java:50)
at ✽.user selects Bulgarian(file:///C:/Users/1767/eclipse-workspace/slotsAutomationPoC/src/test/java/features/LanguageDropdown.feature:17)
]]>
    </error>
  </testcase> <!-- runScenario -->
  <testcase classname="testRunner.TestRunnerForFailedScenarios" name="runScenario" time="30.011">
    <error message="TODO: implement me" type="io.cucumber.java.PendingException">
      <![CDATA[io.cucumber.java.PendingException: TODO: implement me
at stepDefinitions.TC_LanguageDropdown.user_selects_french(TC_LanguageDropdown.java:11)
at ✽.user selects French(file:///C:/Users/1767/eclipse-workspace/slotsAutomationPoC/src/test/java/features/LanguageDropdown.feature:21)
]]>
    </error>
  </testcase> <!-- runScenario -->
  <testcase classname="testRunner.TestRunnerForFailedScenarios" name="runScenario" time="503.082">
    <error message="Cannot invoke &quot;pageObjects.SuribetHome.getText_logOff_btn()&quot; because &quot;this.sh&quot; is null" type="java.lang.NullPointerException">
      <![CDATA[java.lang.NullPointerException: Cannot invoke "pageObjects.SuribetHome.getText_logOff_btn()" because "this.sh" is null
at stepDefinitions.SM_002_ButtonFunctionality.home_page_should_appear_on_screen(SM_002_ButtonFunctionality.java:405)
at ✽.Home page should appear on screen(file:///C:/Users/1767/eclipse-workspace/slotsAutomationPoC/src/test/java/features/HUD&GameButtons.feature:94)
]]>
    </error>
  </testcase> <!-- runScenario -->
  <testcase classname="testRunner.TestRunnerForFailedScenarios" name="runScenario" time="75.286"/>
  <testcase classname="testRunner.TestRunnerForFailedScenarios" name="runScenario" time="29.893">
    <error message="TODO: implement me" type="io.cucumber.java.PendingException">
      <![CDATA[io.cucumber.java.PendingException: TODO: implement me
at stepDefinitions.TC_LanguageDropdown.user_selects_portuguese(TC_LanguageDropdown.java:22)
at ✽.user selects Portuguese(file:///C:/Users/1767/eclipse-workspace/slotsAutomationPoC/src/test/java/features/LanguageDropdown.feature:25)
]]>
    </error>
  </testcase> <!-- runScenario -->
</testsuite> <!-- testRunner.TestRunnerForFailedScenarios -->
